mode: atomic
github.com/salsadigitalauorg/go-lagoon-log-forwarder/config.go:19.25,29.2 1 5
github.com/salsadigitalauorg/go-lagoon-log-forwarder/config.go:31.31,40.2 8 7
github.com/salsadigitalauorg/go-lagoon-log-forwarder/config.go:42.23,45.23 1 10
github.com/salsadigitalauorg/go-lagoon-log-forwarder/config.go:45.23,49.3 1 2
github.com/salsadigitalauorg/go-lagoon-log-forwarder/config.go:51.2,51.23 1 10
github.com/salsadigitalauorg/go-lagoon-log-forwarder/config.go:51.23,53.3 1 3
github.com/salsadigitalauorg/go-lagoon-log-forwarder/config.go:55.2,55.12 1 7
github.com/salsadigitalauorg/go-lagoon-log-forwarder/logger.go:26.35,31.36 3 4
github.com/salsadigitalauorg/go-lagoon-log-forwarder/logger.go:31.36,33.3 1 1
github.com/salsadigitalauorg/go-lagoon-log-forwarder/logger.go:35.2,35.17 1 3
github.com/salsadigitalauorg/go-lagoon-log-forwarder/logger.go:35.17,39.17 3 2
github.com/salsadigitalauorg/go-lagoon-log-forwarder/logger.go:39.17,41.4 1 1
github.com/salsadigitalauorg/go-lagoon-log-forwarder/logger.go:41.9,43.4 1 1
github.com/salsadigitalauorg/go-lagoon-log-forwarder/logger.go:45.3,55.27 2 2
github.com/salsadigitalauorg/go-lagoon-log-forwarder/logger.go:58.2,58.12 1 3
github.com/salsadigitalauorg/go-lagoon-log-forwarder/logger.go:61.27,73.2 1 3
github.com/salsadigitalauorg/go-lagoon-log-forwarder/logger.go:75.58,76.22 1 16
github.com/salsadigitalauorg/go-lagoon-log-forwarder/logger.go:76.22,77.16 1 14
github.com/salsadigitalauorg/go-lagoon-log-forwarder/logger.go:78.14,79.21 1 1
github.com/salsadigitalauorg/go-lagoon-log-forwarder/logger.go:80.15,81.24 1 1
github.com/salsadigitalauorg/go-lagoon-log-forwarder/logger.go:82.28,83.24 1 1
github.com/salsadigitalauorg/go-lagoon-log-forwarder/logger.go:86.2,86.10 1 16
github.com/salsadigitalauorg/go-lagoon-log-forwarder/logger.go:89.38,92.16 2 5
github.com/salsadigitalauorg/go-lagoon-log-forwarder/logger.go:92.16,95.3 2 1
github.com/salsadigitalauorg/go-lagoon-log-forwarder/logger.go:97.2,98.16 2 4
github.com/salsadigitalauorg/go-lagoon-log-forwarder/logger.go:98.16,101.3 2 2
github.com/salsadigitalauorg/go-lagoon-log-forwarder/logger.go:103.2,103.17 1 2
